<?xml version="1.0" encoding="UTF-8"?>
<!-- Generated by org.testng.reporters.JUnitXMLReporter -->
<testsuite hostname="Mres00" ignored="1" name="TestForTutBy" tests="1" failures="0" timestamp="22 июн 2017 13:25:11 GMT" time="26.041" errors="0">
  <testcase name="testTutBy" time="15.925" classname="by.hancharou.tests.AllTests"/>
  <testcase name="testGmailCom" time="0.0" classname="by.hancharou.tests.AllTests">
    <ignored/>
  </testcase> <!-- testGmailCom -->
</testsuite> <!-- TestForTutBy -->
