<?xml version="1.0" encoding="UTF-8"?>
<!-- Generated by org.testng.reporters.JUnitXMLReporter -->
<testsuite hostname="Mres00" ignored="1" name="TestForTutBy" tests="3" failures="0" timestamp="23 июн 2017 12:44:04 GMT" time="30.023" errors="0">
  <testcase name="testIndexPage" time="2.354" classname="by.hancharou.tests.AllTests"/>
  <testcase name="testSearchAmount" time="14.083" classname="by.hancharou.tests.AllTests"/>
  <testcase name="testSearchLinks" time="3.054" classname="by.hancharou.tests.AllTests"/>
  <testcase name="testGmailCom" time="0.0" classname="by.hancharou.tests.AllTests">
    <ignored/>
  </testcase> <!-- testGmailCom -->
</testsuite> <!-- TestForTutBy -->
