<?xml version="1.0" encoding="UTF-8"?>
<!-- Generated by org.testng.reporters.JUnitXMLReporter -->
<testsuite hostname="Mres00" ignored="3" name="TestForGmailCom" tests="4" failures="0" timestamp="27 июн 2017 13:00:28 GMT" time="43.059" errors="0">
  <testcase name="testGmailCom" time="24.268" classname="by.hancharou.tests.AllTests"/>
  <testcase name="testSearch" time="2.068" classname="by.hancharou.tests.AllTests"/>
  <testcase name="testSearch" time="2.629" classname="by.hancharou.tests.AllTests"/>
  <testcase name="testExitGmailCom" time="2.787" classname="by.hancharou.tests.AllTests"/>
  <testcase name="testIndexPage" time="0.0" classname="by.hancharou.tests.AllTests">
    <ignored/>
  </testcase> <!-- testIndexPage -->
  <testcase name="testSearchLinks" time="0.0" classname="by.hancharou.tests.AllTests">
    <ignored/>
  </testcase> <!-- testSearchLinks -->
  <testcase name="testSearchAmount" time="0.0" classname="by.hancharou.tests.AllTests">
    <ignored/>
  </testcase> <!-- testSearchAmount -->
</testsuite> <!-- TestForGmailCom -->
