<?xml version="1.0" encoding="UTF-8"?>
<!-- Generated by org.testng.reporters.JUnitXMLReporter -->
<testsuite hostname="Mres00" ignored="3" name="TestForGmailCom" tests="1" failures="0" timestamp="23 июн 2017 05:31:14 GMT" time="15.696" errors="0">
  <testcase name="testGmailCom" time="4.986" classname="by.hancharou.tests.AllTests"/>
  <testcase name="testIndexPage" time="0.0" classname="by.hancharou.tests.AllTests">
    <ignored/>
  </testcase> <!-- testIndexPage -->
  <testcase name="testSearchLinks" time="0.0" classname="by.hancharou.tests.AllTests">
    <ignored/>
  </testcase> <!-- testSearchLinks -->
  <testcase name="testSearchAmount" time="0.0" classname="by.hancharou.tests.AllTests">
    <ignored/>
  </testcase> <!-- testSearchAmount -->
</testsuite> <!-- TestForGmailCom -->
