<?xml version="1.0" encoding="UTF-8"?>
<!-- Generated by org.testng.reporters.JUnitXMLReporter -->
<testsuite hostname="Mres00" ignored="0" name="Default test" tests="4" failures="0" timestamp="26 июн 2017 07:25:10 GMT" time="56.949" errors="0">
  <testcase name="testGmailCom" time="22.595" classname="by.hancharou.tests.AllTests"/>
  <testcase name="testIndexPage" time="1.775" classname="by.hancharou.tests.AllTests"/>
  <testcase name="testSearchAmount" time="16.022" classname="by.hancharou.tests.AllTests"/>
  <testcase name="testSearchLinks" time="3.682" classname="by.hancharou.tests.AllTests"/>
</testsuite> <!-- Default test -->
