<?xml version="1.0" encoding="UTF-8"?>
<testng-results skipped="0" failed="0" ignored="0" total="1" passed="1">
  <reporter-output>
  </reporter-output>
  <suite name="Default suite" duration-ms="16901" started-at="2017-06-20T13:43:38Z" finished-at="2017-06-20T13:43:55Z">
    <groups>
    </groups>
    <test name="Default test" duration-ms="16901" started-at="2017-06-20T13:43:38Z" finished-at="2017-06-20T13:43:55Z">
      <class name="com.gmail.tests.AutoTest">
        <test-method status="PASS" signature="setUp()[pri:0, instance:com.gmail.tests.AutoTest@3bd550]" name="setUp" is-config="true" duration-ms="10770" started-at="2017-06-20T16:43:38Z" finished-at="2017-06-20T16:43:49Z">
          <reporter-output>
          </reporter-output>
        </test-method> <!-- setUp -->
        <test-method status="PASS" signature="testLoadFirstPage()[pri:0, instance:com.gmail.tests.AutoTest@3bd550]" name="testLoadFirstPage" duration-ms="5419" started-at="2017-06-20T16:43:49Z" finished-at="2017-06-20T16:43:54Z">
          <reporter-output>
          </reporter-output>
        </test-method> <!-- testLoadFirstPage -->
        <test-method status="PASS" signature="tearDown()[pri:0, instance:com.gmail.tests.AutoTest@3bd550]" name="tearDown" is-config="true" duration-ms="697" started-at="2017-06-20T16:43:54Z" finished-at="2017-06-20T16:43:55Z">
          <reporter-output>
          </reporter-output>
        </test-method> <!-- tearDown -->
      </class> <!-- com.gmail.tests.AutoTest -->
    </test> <!-- Default test -->
  </suite> <!-- Default suite -->
</testng-results>
